
> react-kavia@0.1.0 start
> react-scripts start

(node:1983) [DEP_WEBPACK_DEV_SERVER_ON_AFTER_SETUP_MIDDLEWARE] DeprecationWarning: 'onAfterSetupMiddleware' option is deprecated. Please use the 'setupMiddlewares' option.
(Use `node --trace-deprecation ...` to show where the warning was created)
(node:1983) [DEP_WEBPACK_DEV_SERVER_ON_BEFORE_SETUP_MIDDLEWARE] DeprecationWarning: 'onBeforeSetupMiddleware' option is deprecated. Please use the 'setupMiddlewares' option.
Starting the development server...

Compiled successfully!

You can now view react-kavia in the browser.

  Local:            http://localhost:3000
  On Your Network:  http://172.17.0.2:3000

Note that the development build is not optimized.
To create a production build, use npm run build.

webpack compiled successfully
Compiling...
Compiled with warnings.

[eslint] 
src/components/ColorQuestMainContainer.js
  Line 1:27:   'useEffect' is defined but never used                 no-unused-vars
  Line 17:10:  'currentLevel' is assigned a value but never used     no-unused-vars
  Line 27:10:  'progress' is assigned a value but never used         no-unused-vars
  Line 35:9:   'handleStartGame' is assigned a value but never used  no-unused-vars
  Line 64:9:   'handleReset' is assigned a value but never used      no-unused-vars

src/components/PuzzleBoard.js
  Line 47:6:  React Hook useEffect has a missing dependency: 'initializeLevel'. Either include it or remove the dependency array  react-hooks/exhaustive-deps

Search for the keywords to learn more about each warning.
To ignore, add // eslint-disable-next-line to the line before.

WARNING in [eslint] 
src/components/ColorQuestMainContainer.js
  Line 1:27:   'useEffect' is defined but never used                 no-unused-vars
  Line 17:10:  'currentLevel' is assigned a value but never used     no-unused-vars
  Line 27:10:  'progress' is assigned a value but never used         no-unused-vars
  Line 35:9:   'handleStartGame' is assigned a value but never used  no-unused-vars
  Line 64:9:   'handleReset' is assigned a value but never used      no-unused-vars

src/components/PuzzleBoard.js
  Line 47:6:  React Hook useEffect has a missing dependency: 'initializeLevel'. Either include it or remove the dependency array  react-hooks/exhaustive-deps

webpack compiled with 1 warning
Compiling...
Compiled with warnings.

[eslint] 
src/components/ColorQuestMainContainer.js
  Line 1:27:   'useEffect' is defined but never used              no-unused-vars
  Line 17:10:  'currentLevel' is assigned a value but never used  no-unused-vars
  Line 27:10:  'progress' is assigned a value but never used      no-unused-vars

src/components/PuzzleBoard.js
  Line 47:6:  React Hook useEffect has a missing dependency: 'initializeLevel'. Either include it or remove the dependency array  react-hooks/exhaustive-deps

Search for the keywords to learn more about each warning.
To ignore, add // eslint-disable-next-line to the line before.

WARNING in [eslint] 
src/components/ColorQuestMainContainer.js
  Line 1:27:   'useEffect' is defined but never used              no-unused-vars
  Line 17:10:  'currentLevel' is assigned a value but never used  no-unused-vars
  Line 27:10:  'progress' is assigned a value but never used      no-unused-vars

src/components/PuzzleBoard.js
  Line 47:6:  React Hook useEffect has a missing dependency: 'initializeLevel'. Either include it or remove the dependency array  react-hooks/exhaustive-deps

webpack compiled with 1 warning
Compiling...
Compiled with warnings.

[eslint] 
src/components/ColorQuestMainContainer.js
  Line 1:27:  'useEffect' is defined but never used  no-unused-vars

src/components/PuzzleBoard.js
  Line 47:6:  React Hook useEffect has a missing dependency: 'initializeLevel'. Either include it or remove the dependency array  react-hooks/exhaustive-deps

Search for the keywords to learn more about each warning.
To ignore, add // eslint-disable-next-line to the line before.

WARNING in [eslint] 
src/components/ColorQuestMainContainer.js
  Line 1:27:  'useEffect' is defined but never used  no-unused-vars

src/components/PuzzleBoard.js
  Line 47:6:  React Hook useEffect has a missing dependency: 'initializeLevel'. Either include it or remove the dependency array  react-hooks/exhaustive-deps

webpack compiled with 1 warning
Compiling...
Compiled with warnings.

[eslint] 
src/components/ColorQuestMainContainer.js
  Line 1:27:  'useEffect' is defined but never used  no-unused-vars

src/components/PuzzleBoard.js
  Line 47:6:  React Hook useEffect has a missing dependency: 'initializeLevel'. Either include it or remove the dependency array  react-hooks/exhaustive-deps

Search for the keywords to learn more about each warning.
To ignore, add // eslint-disable-next-line to the line before.

WARNING in [eslint] 
src/components/ColorQuestMainContainer.js
  Line 1:27:  'useEffect' is defined but never used  no-unused-vars

src/components/PuzzleBoard.js
  Line 47:6:  React Hook useEffect has a missing dependency: 'initializeLevel'. Either include it or remove the dependency array  react-hooks/exhaustive-deps

webpack compiled with 1 warning
Compiling...
Compiled with warnings.

[eslint] 
src/components/ColorQuestMainContainer.js
  Line 1:27:  'useEffect' is defined but never used  no-unused-vars

src/components/PuzzleBoard.js
  Line 47:6:  React Hook useEffect has a missing dependency: 'initializeLevel'. Either include it or remove the dependency array  react-hooks/exhaustive-deps

Search for the keywords to learn more about each warning.
To ignore, add // eslint-disable-next-line to the line before.

WARNING in [eslint] 
src/components/ColorQuestMainContainer.js
  Line 1:27:  'useEffect' is defined but never used  no-unused-vars

src/components/PuzzleBoard.js
  Line 47:6:  React Hook useEffect has a missing dependency: 'initializeLevel'. Either include it or remove the dependency array  react-hooks/exhaustive-deps

webpack compiled with 1 warning
Compiling...
Compiled with warnings.

[eslint] 
src/components/ColorQuestMainContainer.js
  Line 1:27:  'useEffect' is defined but never used  no-unused-vars
  Line 4:8:   'HelpModal' is defined but never used  no-unused-vars

src/components/PuzzleBoard.js
  Line 47:6:  React Hook useEffect has a missing dependency: 'initializeLevel'. Either include it or remove the dependency array  react-hooks/exhaustive-deps

Search for the keywords to learn more about each warning.
To ignore, add // eslint-disable-next-line to the line before.

WARNING in [eslint] 
src/components/ColorQuestMainContainer.js
  Line 1:27:  'useEffect' is defined but never used  no-unused-vars
  Line 4:8:   'HelpModal' is defined but never used  no-unused-vars

src/components/PuzzleBoard.js
  Line 47:6:  React Hook useEffect has a missing dependency: 'initializeLevel'. Either include it or remove the dependency array  react-hooks/exhaustive-deps

webpack compiled with 1 warning
Compiling...
Compiled with warnings.

[eslint] 
src/components/ColorQuestMainContainer.js
  Line 1:27:  'useEffect' is defined but never used                 no-unused-vars
  Line 4:8:   'HelpModal' is defined but never used                 no-unused-vars
  Line 39:9:  'toggleHelpModal' is assigned a value but never used  no-unused-vars

src/components/PuzzleBoard.js
  Line 47:6:  React Hook useEffect has a missing dependency: 'initializeLevel'. Either include it or remove the dependency array  react-hooks/exhaustive-deps

Search for the keywords to learn more about each warning.
To ignore, add // eslint-disable-next-line to the line before.

WARNING in [eslint] 
src/components/ColorQuestMainContainer.js
  Line 1:27:  'useEffect' is defined but never used                 no-unused-vars
  Line 4:8:   'HelpModal' is defined but never used                 no-unused-vars
  Line 39:9:  'toggleHelpModal' is assigned a value but never used  no-unused-vars

src/components/PuzzleBoard.js
  Line 47:6:  React Hook useEffect has a missing dependency: 'initializeLevel'. Either include it or remove the dependency array  react-hooks/exhaustive-deps

webpack compiled with 1 warning
Compiling...
Compiled with warnings.

[eslint] 
src/components/ColorQuestMainContainer.js
  Line 1:27:  'useEffect' is defined but never used  no-unused-vars
  Line 4:8:   'HelpModal' is defined but never used  no-unused-vars

src/components/PuzzleBoard.js
  Line 47:6:  React Hook useEffect has a missing dependency: 'initializeLevel'. Either include it or remove the dependency array  react-hooks/exhaustive-deps

Search for the keywords to learn more about each warning.
To ignore, add // eslint-disable-next-line to the line before.

WARNING in [eslint] 
src/components/ColorQuestMainContainer.js
  Line 1:27:  'useEffect' is defined but never used  no-unused-vars
  Line 4:8:   'HelpModal' is defined but never used  no-unused-vars

src/components/PuzzleBoard.js
  Line 47:6:  React Hook useEffect has a missing dependency: 'initializeLevel'. Either include it or remove the dependency array  react-hooks/exhaustive-deps

webpack compiled with 1 warning
Compiling...
Compiled with warnings.

[eslint] 
src/components/ColorQuestMainContainer.js
  Line 1:27:  'useEffect' is defined but never used  no-unused-vars

src/components/PuzzleBoard.js
  Line 47:6:  React Hook useEffect has a missing dependency: 'initializeLevel'. Either include it or remove the dependency array  react-hooks/exhaustive-deps

Search for the keywords to learn more about each warning.
To ignore, add // eslint-disable-next-line to the line before.

WARNING in [eslint] 
src/components/ColorQuestMainContainer.js
  Line 1:27:  'useEffect' is defined but never used  no-unused-vars

src/components/PuzzleBoard.js
  Line 47:6:  React Hook useEffect has a missing dependency: 'initializeLevel'. Either include it or remove the dependency array  react-hooks/exhaustive-deps

webpack compiled with 1 warning
Compiling...
Compiled with warnings.

[eslint] 
src/components/ColorQuestMainContainer.js
  Line 1:27:  'useEffect' is defined but never used  no-unused-vars

src/components/PuzzleBoard.js
  Line 47:6:  React Hook useEffect has a missing dependency: 'initializeLevel'. Either include it or remove the dependency array  react-hooks/exhaustive-deps

Search for the keywords to learn more about each warning.
To ignore, add // eslint-disable-next-line to the line before.

WARNING in [eslint] 
src/components/ColorQuestMainContainer.js
  Line 1:27:  'useEffect' is defined but never used  no-unused-vars

src/components/PuzzleBoard.js
  Line 47:6:  React Hook useEffect has a missing dependency: 'initializeLevel'. Either include it or remove the dependency array  react-hooks/exhaustive-deps

webpack compiled with 1 warning
